[    1348ms] [ERROR] Failed to load resource: the server responded with a status of 401 () @ https://sso.ui.com/api/sso/v1/user/self?settings=true:0
[    1428ms] [ERROR] Failed to load resource: net::ERR_CONNECTION_REFUSED @ https://www.google-analytics.com/g/collect?v=2&tid=G-ET365PNYN5&gtm=45je63b1v873924872za200zd873924872&_p=1773602320962&gcd=13l3l3l3l1l1&npa=0&dma=0&cid=1269576546.1773602321&ul=en-us&sr=1728x1117&uaa=arm&uab=64&uafvl=Chromium%3B146.0.7680.80%7CNot-A.Brand%3B24.0.0.0%7CGoogle%2520Chrome%3B146.0.7680.80&uamb=0&uam=&uap=macOS&uapv=26.4.0&uaw=0&are=1&frm=0&pscdl=noapi&_eu=AAAAAAQ&_s=2&tag_exp=103116026~103200004~115938466~115938468~116024733~117484252&dp=%2Flogin%3Fredirect%3Dhttps%253A%252F%252Funifi.ui.com%252Fconsoles%252F0CEA1447C0A400000000086FE2640000000008E2E08D0000000067197F2F%253A274884101%252Funifi-api%252Fprotect&dl=%2Flogin%3Fredirect%3Dhttps%253A%252F%252Funifi.ui.com%252Fconsoles%252F0CEA1447C0A400000000086FE2640000000008E2E08D0000000067197F2F%253A274884101%252Funifi-api%252Fprotect&dr=%2Flogin%3Fredirect%3Dhttps%253A%252F%252Funifi.ui.com%252Fconsoles%252F0CEA1447C0A400000000086FE2640000000008E2E08D0000000067197F2F%253A274884101%252Funifi-api%252Fprotect&sid=1773602321&sct=1&seg=1&dt=Ubiquiti%20Account&en=page_view&_ee=1&_et=3&tfd=1360:0
[    1428ms] [ERROR] Failed to load resource: net::ERR_CONNECTION_REFUSED @ https://www.google-analytics.com/g/collect?v=2&tid=G-ET365PNYN5&gtm=45je63b1v873924872za200zd873924872&_p=1773602320962&gcd=13l3l3l3l1l1&npa=0&dma=0&cid=1269576546.1773602321&ul=en-us&sr=1728x1117&uaa=arm&uab=64&uafvl=Chromium%3B146.0.7680.80%7CNot-A.Brand%3B24.0.0.0%7CGoogle%2520Chrome%3B146.0.7680.80&uamb=0&uam=&uap=macOS&uapv=26.4.0&uaw=0&are=1&frm=0&pscdl=noapi&_s=1&tag_exp=103116026~103200004~115938466~115938468~116024733~117484252&dp=%2Flogin%3Fredirect%3Dhttps%253A%252F%252Funifi.ui.com%252Fconsoles%252F0CEA1447C0A400000000086FE2640000000008E2E08D0000000067197F2F%253A274884101%252Funifi-api%252Fprotect&dl=%2Flogin%3Fredirect%3Dhttps%253A%252F%252Funifi.ui.com%252Fconsoles%252F0CEA1447C0A400000000086FE2640000000008E2E08D0000000067197F2F%253A274884101%252Funifi-api%252Fprotect&dr=%2Flogin%3Fredirect%3Dhttps%253A%252F%252Funifi.ui.com%252Fconsoles%252F0CEA1447C0A400000000086FE2640000000008E2E08D0000000067197F2F%253A274884101%252Funifi-api%252Fprotect&sid=1773602321&sct=1&seg=0&dt=Ubiquiti%20Account&en=page_view&_fv=1&_nsi=1&_ss=1&_ee=1&tfd=1351:0
[    1434ms] [ERROR] Failed to load resource: net::ERR_CONNECTION_REFUSED @ https://www.google-analytics.com/analytics.js:0
[    6420ms] [ERROR] Failed to load resource: net::ERR_CONNECTION_REFUSED @ https://www.google-analytics.com/g/collect?v=2&tid=G-ET365PNYN5&gtm=45je63b1v873924872za200zd873924872&_p=1773602320962&gcd=13l3l3l3l1l1&npa=0&dma=0&cid=1269576546.1773602321&ul=en-us&sr=1728x1117&uaa=arm&uab=64&uafvl=Chromium%3B146.0.7680.80%7CNot-A.Brand%3B24.0.0.0%7CGoogle%2520Chrome%3B146.0.7680.80&uamb=0&uam=&uap=macOS&uapv=26.4.0&uaw=0&are=1&frm=0&pscdl=noapi&_eu=AEAAAAQ&_s=3&tag_exp=103116026~103200004~115938466~115938468~116024733~117484252&dp=%2Flogin%3Fredirect%3Dhttps%253A%252F%252Funifi.ui.com%252Fconsoles%252F0CEA1447C0A400000000086FE2640000000008E2E08D0000000067197F2F%253A274884101%252Funifi-api%252Fprotect&dl=%2Flogin%3Fredirect%3Dhttps%253A%252F%252Funifi.ui.com%252Fconsoles%252F0CEA1447C0A400000000086FE2640000000008E2E08D0000000067197F2F%253A274884101%252Funifi-api%252Fprotect&dr=%2Flogin%3Fredirect%3Dhttps%253A%252F%252Funifi.ui.com%252Fconsoles%252F0CEA1447C0A400000000086FE2640000000008E2E08D0000000067197F2F%253A274884101%252Funifi-api%252Fprotect&sid=1773602321&sct=1&seg=1&dt=Ubiquiti%20Account&en=scroll&epn.percent_scrolled=90&_et=4&tfd=6361:0
[   23857ms] [ERROR] Failed to load resource: the server responded with a status of 499 () @ https://sso.ui.com/api/sso/v1/login:0
[   23861ms] [ERROR] ln @ https://account.ui.com/assets/index-Dk3h1Y0T.js:16
[   24864ms] [ERROR] Failed to load resource: net::ERR_CONNECTION_REFUSED @ https://www.google-analytics.com/g/collect?v=2&tid=G-ET365PNYN5&gtm=45je63b1v873924872za200zd873924872&_p=1773602320962&gcd=13l3l3l3l1l1&npa=0&dma=0&cid=1269576546.1773602321&ul=en-us&sr=1728x1117&uaa=arm&uab=64&uafvl=Chromium%3B146.0.7680.80%7CNot-A.Brand%3B24.0.0.0%7CGoogle%2520Chrome%3B146.0.7680.80&uamb=0&uam=&uap=macOS&uapv=26.4.0&uaw=0&are=1&frm=0&pscdl=noapi&_eu=AAAAAAQ&_s=4&tag_exp=103116026~103200004~115938466~115938468~116024733~117484252&dp=%2Flogin%2Fmfa&dl=%2Flogin%2Fmfa&dr=%2Flogin%2Fmfa&sid=1773602321&sct=1&seg=1&dt=Ubiquiti%20Account&en=page_view&_ee=1&_et=22455&tfd=24806:0
[   25996ms] [ERROR] Failed to load resource: the server responded with a status of 429 () @ https://o21767.ingest.sentry.io/api/4506058886676480/envelope/?sentry_version=7&sentry_key=b185b3ad1240a5ed1a7199d1e49e105a&sentry_client=sentry.javascript.react%2F10.25.0:0
[   29872ms] [ERROR] Failed to load resource: net::ERR_CONNECTION_REFUSED @ https://www.google-analytics.com/g/collect?v=2&tid=G-ET365PNYN5&gtm=45je63b1v873924872za200zd873924872&_p=1773602320962&gcd=13l3l3l3l1l1&npa=0&dma=0&cid=1269576546.1773602321&ul=en-us&sr=1728x1117&uaa=arm&uab=64&uafvl=Chromium%3B146.0.7680.80%7CNot-A.Brand%3B24.0.0.0%7CGoogle%2520Chrome%3B146.0.7680.80&uamb=0&uam=&uap=macOS&uapv=26.4.0&uaw=0&are=1&frm=0&pscdl=noapi&_eu=AEAAAAQ&_s=5&tag_exp=103116026~103200004~115938466~115938468~116024733~117484252&dp=%2Flogin%3Fredirect%3Dhttps%253A%252F%252Funifi.ui.com%252Fconsoles%252F0CEA1447C0A400000000086FE2640000000008E2E08D0000000067197F2F%253A274884101%252Funifi-api%252Fprotect&dl=https%3A%2F%2Faccount.ui.com%2Flogin%2Fmfa&dr=https%3A%2F%2Faccount.ui.com%2Flogin%3Fredirect%3Dhttps%253A%252F%252Funifi.ui.com%252Fconsoles%252F0CEA1447C0A400000000086FE2640000000008E2E08D0000000067197F2F%253A274884101%252Funifi-api%252Fprotect&sid=1773602321&sct=1&seg=1&dt=Ubiquiti%20Account&en=page_view&_et=988&tfd=29809:0
[   32067ms] [ERROR] Failed to load resource: the server responded with a status of 404 () @ https://account.svc.ui.com/chat/queue:0
[   32203ms] [ERROR] Failed to load resource: the server responded with a status of 404 () @ https://billing.svc.ui.com/api/v2/customers/self/tax-ids:0
[   32203ms] [ERROR] Failed to load resource: the server responded with a status of 404 () @ https://billing.svc.ui.com/api/v2/customers/self/billing-details:0
[   32544ms] [ERROR] Failed to load resource: net::ERR_CONNECTION_REFUSED @ https://www.google-analytics.com/g/collect?v=2&tid=G-ET365PNYN5&gtm=45je63b1v873924872za200zd873924872&_p=1773602320962&gcd=13l3l3l3l1l1&npa=0&dma=0&cid=1269576546.1773602321&ul=en-us&sr=1728x1117&uaa=arm&uab=64&uafvl=Chromium%3B146.0.7680.80%7CNot-A.Brand%3B24.0.0.0%7CGoogle%2520Chrome%3B146.0.7680.80&uamb=0&uam=&uap=macOS&uapv=26.4.0&uaw=0&are=1&frm=0&pscdl=noapi&_eu=AAAAAAQ&_s=6&tag_exp=103116026~103200004~115938466~115938468~116024733~117484252&dp=%2Flogin%2Ftrust-device&dl=%2Flogin%2Ftrust-device&dr=%2Flogin%2Ftrust-device&sid=1773602321&sct=1&seg=1&dt=Ubiquiti%20Account&en=page_view&_ee=1&_et=6688&tfd=32485:0
[   34367ms] [ERROR] Failed to load resource: net::ERR_CONNECTION_REFUSED @ https://www.google-analytics.com/g/collect?v=2&tid=G-6E4J2SDGKL&gtm=45je63b1v9119632419za200zd9119632419&_p=1773602354106&gcd=13l3l3l3l1l1&npa=0&dma=0&cid=1269576546.1773602321&ul=en-us&sr=1728x1117&uaa=arm&uab=64&uafvl=Chromium%3B146.0.7680.80%7CNot-A.Brand%3B24.0.0.0%7CGoogle%2520Chrome%3B146.0.7680.80&uamb=0&uam=&uap=macOS&uapv=26.4.0&uaw=0&are=1&frm=0&pscdl=noapi&_s=1&tag_exp=103116026~103200004~115938466~115938469~116024733~117484252&sid=1773602354&sct=1&seg=0&dl=https%3A%2F%2Funifi.ui.com%2Fconsoles%2F%3AhostId%2Funifi-api%2Fprotect&dr=https%3A%2F%2Faccount.ui.com%2F&dt=SANITIZED&dp=%2Fconsoles%2F%3AhostId%2Funifi-api%2Fprotect&en=page_view&_fv=1&_ss=1&_ee=1&ep.name=UNIFI_OS&ep.anonymize_ip=true&tfd=1224:0
[   34501ms] [ERROR] Failed to load resource: net::ERR_CONNECTION_REFUSED @ https://www.google-analytics.com/g/collect?v=2&tid=G-6E4J2SDGKL&gtm=45je63b1v9119632419za200zd9119632419&_p=1773602354106&gcd=13l3l3l3l1l1&npa=0&dma=0&ni=1&cid=1269576546.1773602321&ul=en-us&sr=1728x1117&uaa=arm&uab=64&uafvl=Chromium%3B146.0.7680.80%7CNot-A.Brand%3B24.0.0.0%7CGoogle%2520Chrome%3B146.0.7680.80&uamb=0&uam=&uap=macOS&uapv=26.4.0&uaw=0&are=1&frm=0&pscdl=noapi&_eu=AAAAAAQ&_s=2&tag_exp=103116026~103200004~115938466~115938469~116024733~117484252&sid=1773602354&sct=1&seg=0&dl=https%3A%2F%2Funifi.ui.com%2Fconsoles%2F%3AhostId%2Funifi-api%2Fprotect&dr=https%3A%2F%2Faccount.ui.com%2F&dt=SANITIZED&dp=%2Fconsoles%2F%3AhostId%2Funifi-api%2Fprotect&en=HostConnectionStartup&_c=1&_ee=1&ep.name=UNIFI_OS&ep.anonymize_ip=true&ep.event_category=None&ep.event_label=Aborted-Unknown&epn.value=0.1798999309539795&_et=95&tfd=1319:0
[   34849ms] [ERROR] https://ips.svc.ui.com/api/v2/subscriptions/devices?subscription_item=rule_set_pro FetchError: fetchResponse failed
    at Fs (https://unifi.ui.com/main.a5732fda6aeb55208295.js:1:4757341)
    at async Us (https://unifi.ui.com/main.a5732fda6aeb55208295.js:1:4757514)
    at async vL (https://unifi.ui.com/main.a5732fda6aeb55208295.js:1:5216868)
    at async Object.listSubscriptions (https://unifi.ui.com/main.a5732fda6aeb55208295.js:1:5218258)
=== CAUSE: ===
TypeError: Failed to fetch
    at https://unifi.ui.com/main.a5732fda6aeb55208295.js:1:186262
    at l (https://unifi.ui.com/main.a5732fda6aeb55208295.js:1:2977757)
    at https://unifi.ui.com/main.a5732fda6aeb55208295.js:1:2977946
    at new Promise (<anonymous>)
    at https://unifi.ui.com/main.a5732fda6aeb55208295.js:1:2977710
    at _s (https://unifi.ui.com/main.a5732fda6aeb55208295.js:1:4753842)
    at Fs (https://unifi.ui.com/main.a5732fda6aeb55208295.js:1:4757287)
    at Us (https://unifi.ui.com/main.a5732fda6aeb55208295.js:1:4757520)
    at vL (https://unifi.ui.com/main.a5732fda6aeb55208295.js:1:5216874)
    at async Object.listSubscriptions (https://unifi.ui.com/main.a5732fda6aeb55208295.js:1:5218258) @ https://unifi.ui.com/main.a5732fda6aeb55208295.js:0
[   34850ms] [ERROR] https://setup.svc.ui.com/api/v1/site-managers/devices?order_by=added_at&order=desc FetchError: fetchResponse failed
    at Fs (https://unifi.ui.com/main.a5732fda6aeb55208295.js:1:4757341)
    at async zs (https://unifi.ui.com/main.a5732fda6aeb55208295.js:1:4757588)
=== CAUSE: ===
TypeError: Failed to fetch
    at https://unifi.ui.com/main.a5732fda6aeb55208295.js:1:186262
    at l (https://unifi.ui.com/main.a5732fda6aeb55208295.js:1:2977757)
    at https://unifi.ui.com/main.a5732fda6aeb55208295.js:1:2977946
    at new Promise (<anonymous>)
    at https://unifi.ui.com/main.a5732fda6aeb55208295.js:1:2977710
    at _s (https://unifi.ui.com/main.a5732fda6aeb55208295.js:1:4753842)
    at Fs (https://unifi.ui.com/main.a5732fda6aeb55208295.js:1:4757287)
    at zs (https://unifi.ui.com/main.a5732fda6aeb55208295.js:1:4757594)
    at Object.queryFn (https://unifi.ui.com/main.a5732fda6aeb55208295.js:47:82779)
    at Object.fetchFn [as fn] (https://unifi.ui.com/main.a5732fda6aeb55208295.js:1:3463470)
    at c (https://unifi.ui.com/main.a5732fda6aeb55208295.js:1:3475344)
    at new d (https://unifi.ui.com/main.a5732fda6aeb55208295.js:1:3476112)
    at t.fetch (https://unifi.ui.com/main.a5732fda6aeb55208295.js:1:3463845)
    at r.executeFetch (https://unifi.ui.com/main.a5732fda6aeb55208295.js:1:3487846)
    at r.onSubscribe (https://unifi.ui.com/main.a5732fda6aeb55208295.js:1:3485366)
    at t.subscribe (https://unifi.ui.com/main.a5732fda6aeb55208295.js:1:3476324)
    at https://unifi.ui.com/main.a5732fda6aeb55208295.js:1:3494428
    at Nl (https://unifi.ui.com/main.a5732fda6aeb55208295.js:1:3385670)
    at t.unstable_runWithPriority (https://unifi.ui.com/main.a5732fda6aeb55208295.js:1:3634289)
    at Ba (https://unifi.ui.com/main.a5732fda6aeb55208295.js:1:3326489)
    at Pl (https://unifi.ui.com/main.a5732fda6aeb55208295.js:1:3385138)
    at hl (https://unifi.ui.com/main.a5732fda6aeb55208295.js:1:3376726)
    at https://unifi.ui.com/main.a5732fda6aeb55208295.js:1:3326712
    at t.unstable_runWithPriority (https://unifi.ui.com/main.a5732fda6aeb55208295.js:1:3634289)
    at Ba (https://unifi.ui.com/main.a5732fda6aeb55208295.js:1:3326489)
    at Ha (https://unifi.ui.com/main.a5732fda6aeb55208295.js:1:3326657)
    at Va (https://unifi.ui.com/main.a5732fda6aeb55208295.js:1:3326592)
    at dl (https://unifi.ui.com/main.a5732fda6aeb55208295.js:1:3374230)
    at Object.enqueueSetState (https://unifi.ui.com/main.a5732fda6aeb55208295.js:1:3330565)
    at g.setState (https://unifi.ui.com/main.a5732fda6aeb55208295.js:1:3563304)
    at https://unifi.ui.com/main.a5732fda6aeb55208295.js:1:4650150
    at https://unifi.ui.com/main.a5732fda6aeb55208295.js:1:4777302
    at Map.forEach (<anonymous>)
    at Object.p [as dispatch] (https://unifi.ui.com/main.a5732fda6aeb55208295.js:1:4777289)
    at Object.hT [as rehydrate] (https://unifi.ui.com/main.a5732fda6aeb55208295.js:1:5116145)
    at g (https://unifi.ui.com/main.a5732fda6aeb55208295.js:1:4782646)
    at https://unifi.ui.com/main.a5732fda6aeb55208295.js:1:4783341 @ https://unifi.ui.com/main.a5732fda6aeb55208295.js:0
[   34850ms] [ERROR] https://ips.svc.ui.com/api/v2/subscriptions/devices?subscription_item=wan_magic FetchError: fetchResponse failed
    at Fs (https://unifi.ui.com/main.a5732fda6aeb55208295.js:1:4757341)
    at async Us (https://unifi.ui.com/main.a5732fda6aeb55208295.js:1:4757514)
    at async DW (https://unifi.ui.com/main.a5732fda6aeb55208295.js:3:104550)
    at async Object.listSubscriptions (https://unifi.ui.com/main.a5732fda6aeb55208295.js:3:105941)
=== CAUSE: ===
TypeError: Failed to fetch
    at https://unifi.ui.com/main.a5732fda6aeb55208295.js:1:186262
    at l (https://unifi.ui.com/main.a5732fda6aeb55208295.js:1:2977757)
    at https://unifi.ui.com/main.a5732fda6aeb55208295.js:1:2977946
    at new Promise (<anonymous>)
    at https://unifi.ui.com/main.a5732fda6aeb55208295.js:1:2977710
    at _s (https://unifi.ui.com/main.a5732fda6aeb55208295.js:1:4753842)
    at Fs (https://unifi.ui.com/main.a5732fda6aeb55208295.js:1:4757287)
    at Us (https://unifi.ui.com/main.a5732fda6aeb55208295.js:1:4757520)
    at DW (https://unifi.ui.com/main.a5732fda6aeb55208295.js:3:104556)
    at async Object.listSubscriptions (https://unifi.ui.com/main.a5732fda6aeb55208295.js:3:105941) @ https://unifi.ui.com/main.a5732fda6aeb55208295.js:0
[   34850ms] [ERROR] https://ues.svc.ui.com/api/v1/info/subscriptions FetchError: fetchResponse failed
    at Fs (https://unifi.ui.com/main.a5732fda6aeb55208295.js:1:4757341)
    at async Us (https://unifi.ui.com/main.a5732fda6aeb55208295.js:1:4757514)
=== CAUSE: ===
TypeError: Failed to fetch
    at https://unifi.ui.com/main.a5732fda6aeb55208295.js:1:186262
    at l (https://unifi.ui.com/main.a5732fda6aeb55208295.js:1:2977757)
    at https://unifi.ui.com/main.a5732fda6aeb55208295.js:1:2977946
    at new Promise (<anonymous>)
    at https://unifi.ui.com/main.a5732fda6aeb55208295.js:1:2977710
    at _s (https://unifi.ui.com/main.a5732fda6aeb55208295.js:1:4753842)
    at Fs (https://unifi.ui.com/main.a5732fda6aeb55208295.js:1:4757287)
    at Us (https://unifi.ui.com/main.a5732fda6aeb55208295.js:1:4757520)
    at Object.getAllSubscriptions [as queryFn] (https://unifi.ui.com/main.a5732fda6aeb55208295.js:1:5204295)
    at Object.fetchFn [as fn] (https://unifi.ui.com/main.a5732fda6aeb55208295.js:1:3463470)
    at c (https://unifi.ui.com/main.a5732fda6aeb55208295.js:1:3475344)
    at new d (https://unifi.ui.com/main.a5732fda6aeb55208295.js:1:3476112)
    at t.fetch (https://unifi.ui.com/main.a5732fda6aeb55208295.js:1:3463845)
    at r.executeFetch (https://unifi.ui.com/main.a5732fda6aeb55208295.js:1:3487846)
    at r.onSubscribe (https://unifi.ui.com/main.a5732fda6aeb55208295.js:1:3485366)
    at t.subscribe (https://unifi.ui.com/main.a5732fda6aeb55208295.js:1:3476324)
    at https://unifi.ui.com/main.a5732fda6aeb55208295.js:1:3494428
    at Nl (https://unifi.ui.com/main.a5732fda6aeb55208295.js:1:3385670)
    at t.unstable_runWithPriority (https://unifi.ui.com/main.a5732fda6aeb55208295.js:1:3634289)
    at Ba (https://unifi.ui.com/main.a5732fda6aeb55208295.js:1:3326489)
    at Pl (https://unifi.ui.com/main.a5732fda6aeb55208295.js:1:3385138)
    at hl (https://unifi.ui.com/main.a5732fda6aeb55208295.js:1:3376726)
    at https://unifi.ui.com/main.a5732fda6aeb55208295.js:1:3326712
    at t.unstable_runWithPriority (https://unifi.ui.com/main.a5732fda6aeb55208295.js:1:3634289)
    at Ba (https://unifi.ui.com/main.a5732fda6aeb55208295.js:1:3326489)
    at Ha (https://unifi.ui.com/main.a5732fda6aeb55208295.js:1:3326657)
    at Va (https://unifi.ui.com/main.a5732fda6aeb55208295.js:1:3326592)
    at dl (https://unifi.ui.com/main.a5732fda6aeb55208295.js:1:3374230)
    at Object.enqueueSetState (https://unifi.ui.com/main.a5732fda6aeb55208295.js:1:3330565)
    at g.setState (https://unifi.ui.com/main.a5732fda6aeb55208295.js:1:3563304)
    at https://unifi.ui.com/main.a5732fda6aeb55208295.js:1:4650150
    at https://unifi.ui.com/main.a5732fda6aeb55208295.js:1:4777302
    at Map.forEach (<anonymous>)
    at Object.p [as dispatch] (https://unifi.ui.com/main.a5732fda6aeb55208295.js:1:4777289)
    at Object.hT [as rehydrate] (https://unifi.ui.com/main.a5732fda6aeb55208295.js:1:5116145)
    at g (https://unifi.ui.com/main.a5732fda6aeb55208295.js:1:4782646)
    at https://unifi.ui.com/main.a5732fda6aeb55208295.js:1:4783341 @ https://unifi.ui.com/main.a5732fda6aeb55208295.js:0
[   34850ms] [ERROR] https://megaphone.svc.ui.com/v1/announcements FetchError: fetchResponse failed
    at Fs (https://unifi.ui.com/main.a5732fda6aeb55208295.js:1:4757341)
    at async Us (https://unifi.ui.com/main.a5732fda6aeb55208295.js:1:4757514)
=== CAUSE: ===
TypeError: Failed to fetch
    at https://unifi.ui.com/main.a5732fda6aeb55208295.js:1:186262
    at l (https://unifi.ui.com/main.a5732fda6aeb55208295.js:1:2977757)
    at https://unifi.ui.com/main.a5732fda6aeb55208295.js:1:2977946
    at new Promise (<anonymous>)
    at https://unifi.ui.com/main.a5732fda6aeb55208295.js:1:2977710
    at _s (https://unifi.ui.com/main.a5732fda6aeb55208295.js:1:4753842)
    at Fs (https://unifi.ui.com/main.a5732fda6aeb55208295.js:1:4757287)
    at Us (https://unifi.ui.com/main.a5732fda6aeb55208295.js:1:4757520)
    at Object.YYe [as queryFn] (https://unifi.ui.com/main.a5732fda6aeb55208295.js:36:607822)
    at Object.fetchFn [as fn] (https://unifi.ui.com/main.a5732fda6aeb55208295.js:1:3463470)
    at c (https://unifi.ui.com/main.a5732fda6aeb55208295.js:1:3475344)
    at new d (https://unifi.ui.com/main.a5732fda6aeb55208295.js:1:3476112)
    at t.fetch (https://unifi.ui.com/main.a5732fda6aeb55208295.js:1:3463845)
    at r.executeFetch (https://unifi.ui.com/main.a5732fda6aeb55208295.js:1:3487846)
    at r.onSubscribe (https://unifi.ui.com/main.a5732fda6aeb55208295.js:1:3485366)
    at t.subscribe (https://unifi.ui.com/main.a5732fda6aeb55208295.js:1:3476324)
    at https://unifi.ui.com/main.a5732fda6aeb55208295.js:1:3494428
    at Nl (https://unifi.ui.com/main.a5732fda6aeb55208295.js:1:3385670)
    at t.unstable_runWithPriority (https://unifi.ui.com/main.a5732fda6aeb55208295.js:1:3634289)
    at Ba (https://unifi.ui.com/main.a5732fda6aeb55208295.js:1:3326489)
    at Pl (https://unifi.ui.com/main.a5732fda6aeb55208295.js:1:3385138)
    at hl (https://unifi.ui.com/main.a5732fda6aeb55208295.js:1:3376726)
    at https://unifi.ui.com/main.a5732fda6aeb55208295.js:1:3326712
    at t.unstable_runWithPriority (https://unifi.ui.com/main.a5732fda6aeb55208295.js:1:3634289)
    at Ba (https://unifi.ui.com/main.a5732fda6aeb55208295.js:1:3326489)
    at Ha (https://unifi.ui.com/main.a5732fda6aeb55208295.js:1:3326657)
    at Va (https://unifi.ui.com/main.a5732fda6aeb55208295.js:1:3326592)
    at dl (https://unifi.ui.com/main.a5732fda6aeb55208295.js:1:3374230)
    at Object.enqueueSetState (https://unifi.ui.com/main.a5732fda6aeb55208295.js:1:3330565)
    at g.setState (https://unifi.ui.com/main.a5732fda6aeb55208295.js:1:3563304)
    at https://unifi.ui.com/main.a5732fda6aeb55208295.js:1:4650150
    at https://unifi.ui.com/main.a5732fda6aeb55208295.js:1:4777302
    at Map.forEach (<anonymous>)
    at Object.p [as dispatch] (https://unifi.ui.com/main.a5732fda6aeb55208295.js:1:4777289)
    at Object.hT [as rehydrate] (https://unifi.ui.com/main.a5732fda6aeb55208295.js:1:5116145)
    at g (https://unifi.ui.com/main.a5732fda6aeb55208295.js:1:4782646)
    at https://unifi.ui.com/main.a5732fda6aeb55208295.js:1:4783341 @ https://unifi.ui.com/main.a5732fda6aeb55208295.js:0
[   35935ms] [ERROR] Failed to load resource: net::ERR_NAME_NOT_RESOLVED @ https://swtest.unifi.serviceworker/sw-test:0
[   36848ms] [ERROR] Failed to load resource: net::ERR_CONNECTION_REFUSED @ https://www.google-analytics.com/g/collect?v=2&tid=G-6E4J2SDGKL&gtm=45je63b1v9119632419za200zd9119632419&_p=1773602355390&gcd=13l3l3l3l1l1&npa=0&dma=0&cid=1269576546.1773602321&ul=en-us&sr=1728x1117&uaa=arm&uab=64&uafvl=Chromium%3B146.0.7680.80%7CNot-A.Brand%3B24.0.0.0%7CGoogle%2520Chrome%3B146.0.7680.80&uamb=0&uam=&uap=macOS&uapv=26.4.0&uaw=0&are=1&frm=0&pscdl=noapi&_eu=AAAAAAQ&_s=1&tag_exp=103116026~103200004~115938466~115938468~116024733~117484252&sid=1773602354&sct=1&seg=1&dl=https%3A%2F%2Funifi.ui.com%2Fconsoles%2F%3AhostId%2Funifi-api%2Fprotect&dr=https%3A%2F%2Funifi.ui.com%2Fconsoles%2F%3AhostId%2Funifi-api%2Fprotect&dt=SANITIZED&dp=%2Fconsoles%2F%3AhostId%2Funifi-api%2Fprotect&en=page_view&_ee=1&ep.name=UNIFI_OS&ep.anonymize_ip=true&tfd=2384:0
[   36949ms] [ERROR] Failed to load resource: net::ERR_CONNECTION_REFUSED @ https://www.google-analytics.com/g/collect?v=2&tid=G-6E4J2SDGKL&gtm=45je63b1v9119632419za200zd9119632419&_p=1773602355390&gcd=13l3l3l3l1l1&npa=0&dma=0&ni=1&cid=1269576546.1773602321&ul=en-us&sr=1728x1117&uaa=arm&uab=64&uafvl=Chromium%3B146.0.7680.80%7CNot-A.Brand%3B24.0.0.0%7CGoogle%2520Chrome%3B146.0.7680.80&uamb=0&uam=&uap=macOS&uapv=26.4.0&uaw=0&are=1&frm=0&pscdl=noapi&_eu=AAAAAAQ&_s=2&tag_exp=103116026~103200004~115938466~115938468~116024733~117484252&sid=1773602354&sct=1&seg=1&dl=https%3A%2F%2Funifi.ui.com%2Fconsoles%2F%3AhostId%2Funifi-api%2Fprotect&dr=https%3A%2F%2Funifi.ui.com%2Fconsoles%2F%3AhostId%2Funifi-api%2Fprotect&dt=SANITIZED&dp=%2Fconsoles%2F%3AhostId%2Funifi-api%2Fprotect&en=RTCSignaling&_ee=1&ep.name=UNIFI_OS&ep.anonymize_ip=true&ep.event_category=Cloudflare&ep.event_label=Success_1&epn.value=0.5846002101898193&_et=1195&tfd=2490:0
[   36950ms] [ERROR] Failed to load resource: net::ERR_CONNECTION_REFUSED @ https://www.google-analytics.com/g/collect?v=2&tid=G-6E4J2SDGKL&gtm=45je63b1v9119632419za200zd9119632419&_p=1773602355390&gcd=13l3l3l3l1l1&npa=0&dma=0&ni=1&cid=1269576546.1773602321&ul=en-us&sr=1728x1117&uaa=arm&uab=64&uafvl=Chromium%3B146.0.7680.80%7CNot-A.Brand%3B24.0.0.0%7CGoogle%2520Chrome%3B146.0.7680.80&uamb=0&uam=&uap=macOS&uapv=26.4.0&uaw=0&are=1&frm=0&pscdl=noapi&_eu=AAAAAAQ&_s=3&tag_exp=103116026~103200004~115938466~115938468~116024733~117484252&sid=1773602354&sct=1&seg=1&dl=https%3A%2F%2Funifi.ui.com%2Fconsoles%2F%3AhostId%2Funifi-api%2Fprotect&dr=https%3A%2F%2Funifi.ui.com%2Fconsoles%2F%3AhostId%2Funifi-api%2Fprotect&dt=SANITIZED&dp=%2Fconsoles%2F%3AhostId%2Funifi-api%2Fprotect&en=HostConnectionStartup&_c=1&_ee=1&ep.name=UNIFI_OS&ep.anonymize_ip=true&ep.event_category=Rtc-Cloudflare&ep.event_label=Ok-Direct&epn.value=1.3736999034881592&_et=104&tfd=2490:0
[   42625ms] [ERROR] Missing queryFn @ https://unifi.ui.com/196.d43d7b07f89e9ac3.js:0
[   42626ms] [ERROR] Missing queryFn @ https://unifi.ui.com/196.d43d7b07f89e9ac3.js:0
[   42626ms] [ERROR] TypeError: Expected "orgId" to be defined
    at https://unifi.ui.com/196.d43d7b07f89e9ac3.js:1:58509
    at D (https://unifi.ui.com/196.d43d7b07f89e9ac3.js:1:328053)
    at i (https://unifi.ui.com/main~4.8bc97013d1eea571.js:126:21986)
    at I (https://unifi.ui.com/main~3.ffdaa6cbf5cc847f.js:44:310223)
    at T.D.enabled [as queryFn] (https://unifi.ui.com/main~3.ffdaa6cbf5cc847f.js:44:304438)
    at Object.fetchFn [as fn] (https://unifi.ui.com/196.d43d7b07f89e9ac3.js:1:277379)
    at u (https://unifi.ui.com/196.d43d7b07f89e9ac3.js:1:289146)
    at https://unifi.ui.com/196.d43d7b07f89e9ac3.js:1:289903 @ https://unifi.ui.com/196.d43d7b07f89e9ac3.js:0
[   42861ms] [ERROR] Missing queryFn @ https://unifi.ui.com/196.d43d7b07f89e9ac3.js:0
[   44013ms] [ERROR] Missing queryFn @ https://unifi.ui.com/196.d43d7b07f89e9ac3.js:0
